<?xml version="1.0" encoding="UTF-8"?>
<robot generator="Robot 5.0 (Python 3.8.10 on linux)" generated="20220505 21:36:10.183" rpa="false" schemaversion="3">
<suite id="s1" name="Robot Interactive Console" source="/home/caio-celk/.vscode/extensions/robocorp.robotframework-lsp-0.46.0/src/robotframework_ls/vendored/robotframework_interactive/robot_interactive_console.robot">
<test id="s1-t1" name="Default Task/Test" line="5">
<kw name="Interpreter Main Loop" library="MainLoop">
<status status="PASS" starttime="20220505 21:36:10.205" endtime="20220505 21:36:12.467"/>
</kw>
<status status="PASS" starttime="20220505 21:36:10.204" endtime="20220505 21:36:12.468"/>
</test>
<status status="PASS" starttime="20220505 21:36:10.184" endtime="20220505 21:36:12.469"/>
</suite>
<statistics>
<total>
<stat pass="1" fail="0" skip="0">All Tests</stat>
</total>
<tag>
</tag>
<suite>
<stat pass="1" fail="0" skip="0" id="s1" name="Robot Interactive Console">Robot Interactive Console</stat>
</suite>
</statistics>
<errors>
</errors>
</robot>
